<?xml version="1.0" encoding="UTF-8"?>
<testsuite name="com.example.project.TestAirport" tests="3" skipped="0" failures="0" errors="0" timestamp="2025-02-14T13:44:53" hostname="codespaces-ba49a2" time="0.009">
  <properties/>
  <testcase name="testUpdateAllFlights()" classname="com.example.project.TestAirport" time="0.002"/>
  <testcase name="testRevenuePARTA()" classname="com.example.project.TestAirport" time="0.001"/>
  <testcase name="testUpdateFlightsPARTB()" classname="com.example.project.TestAirport" time="0.003"/>
  <system-out><![CDATA[]]></system-out>
  <system-err><![CDATA[]]></system-err>
</testsuite>
